<?xml version="1.0" encoding="UTF-8"?>
<persistence version="3.0"
             xmlns="https://jakarta.ee/xml/ns/persistence"
             xmlns:xsi="http://www.w3.org/2001/XMLSchema-instance"
             xsi:schemaLocation="https://jakarta.ee/xml/ns/persistence https://jakarta.ee/xml/ns/persistence/persistence_3_0.xsd">
    <persistence-unit name="test-unit">
        <class>org.bastanchu.churiservices.articles.internal.entity.ArticleEntity</class>
        <class>org.bastanchu.churiservices.articles.internal.entity.ArticleFormatEntity</class>
        <class>org.bastanchu.churiservices.articles.internal.entity.FormatEntity</class>
        <class>org.bastanchu.churiservices.articles.internal.entity.PricingConditionEntity</class>
    </persistence-unit>
</persistence>